<?xml version="1.0" encoding="UTF-8"?>
<!-- Generated by org.testng.reporters.JUnitXMLReporter -->
<testsuite hostname="SYSR159" ignored="0" name="Test" tests="2" failures="0" timestamp="2021-12-01T17:42:21 IST" time="38.462" errors="0">
  <testcase name="loginToReachHealthWithInvalidCredentials" time="3.207" classname="SeleniumJavaFramework.ReachHealthTests"/>
  <testcase name="loginToReachHealthWithValidCredentials" time="6.913" classname="SeleniumJavaFramework.ReachHealthTests"/>
</testsuite> <!-- Test -->
